2024-05-15 21:03:33,166 - INFO - Incoming request: POST http://localhost:8080/users/ - Response code: 404
2024-05-15 21:03:59,867 - INFO - Incoming request: POST http://localhost:8080/user/ - Response code: 201
2024-05-15 21:04:01,889 - INFO - Incoming request: POST http://localhost:8080/user/ - Response code: 409
2024-05-15 21:04:03,921 - INFO - Incoming request: POST http://localhost:8080/user/ - Response code: 409
2024-05-15 21:04:05,974 - INFO - Incoming request: POST http://localhost:8080/user/ - Response code: 422
2024-05-15 21:04:34,760 - INFO - Incoming request: POST http://localhost:8080/user/ - Response code: 409
2024-05-15 21:04:55,565 - INFO - Incoming request: POST http://localhost:8080/user/ - Response code: 409
2024-05-15 21:05:38,955 - INFO - Incoming request: POST http://localhost:8080/user/ - Response code: 201
2024-05-15 21:05:41,014 - INFO - Incoming request: POST http://localhost:8080/user/ - Response code: 409
2024-05-15 21:05:43,064 - INFO - Incoming request: POST http://localhost:8080/user/ - Response code: 409
2024-05-15 21:05:45,121 - INFO - Incoming request: POST http://localhost:8080/user/ - Response code: 422
2024-05-15 21:07:52,520 - INFO - Incoming request: GET http://localhost:8080/user/ - Response code: 200
2024-05-15 21:08:11,142 - INFO - Incoming request: POST http://localhost:8080/user/ - Response code: 409
2024-05-15 21:08:13,250 - INFO - Incoming request: GET http://localhost:8080/user/ - Response code: 200
2024-05-15 21:08:15,322 - INFO - Incoming request: GET http://localhost:8080/user/41ad5038-81e8-48d5-801f-74312e6c0df7 - Response code: 200
2024-05-15 21:08:17,391 - INFO - Incoming request: GET http://localhost:8080/user/123 - Response code: 404
2024-05-15 21:08:41,659 - INFO - Incoming request: POST http://localhost:8080/user/ - Response code: 201
2024-05-15 21:08:43,707 - INFO - Incoming request: POST http://localhost:8080/user/ - Response code: 409
2024-05-15 21:08:45,776 - INFO - Incoming request: POST http://localhost:8080/user/ - Response code: 409
2024-05-15 21:08:47,832 - INFO - Incoming request: POST http://localhost:8080/user/ - Response code: 422
2024-05-15 21:08:49,874 - INFO - Incoming request: GET http://localhost:8080/user/ - Response code: 200
2024-05-15 21:08:51,945 - INFO - Incoming request: GET http://localhost:8080/user/41ad5038-81e8-48d5-801f-74312e6c0df7 - Response code: 404
2024-05-15 21:09:13,412 - INFO - Incoming request: POST http://localhost:8080/user/ - Response code: 201
2024-05-15 21:09:15,467 - INFO - Incoming request: POST http://localhost:8080/user/ - Response code: 409
2024-05-15 21:09:17,523 - INFO - Incoming request: POST http://localhost:8080/user/ - Response code: 409
2024-05-15 21:09:19,583 - INFO - Incoming request: POST http://localhost:8080/user/ - Response code: 422
2024-05-15 21:09:21,652 - INFO - Incoming request: GET http://localhost:8080/user/ - Response code: 200
2024-05-15 21:09:23,716 - INFO - Incoming request: GET http://localhost:8080/user/123 - Response code: 404
2024-05-15 21:21:31,046 - INFO - Incoming request: GET http://localhost:8080/user/ - Response code: 200
2024-05-15 21:22:13,321 - INFO - Incoming request: POST http://localhost:8080/user/ - Response code: 409
2024-05-15 21:22:15,424 - INFO - Incoming request: GET http://localhost:8080/user/ - Response code: 200
2024-05-15 21:22:17,488 - INFO - Incoming request: GET http://localhost:8080/user/123 - Response code: 404
2024-05-15 21:22:19,572 - INFO - Incoming request: PUT http://localhost:8080/user/bf048cde-14e7-4011-a0e7-306ee4cba59f - Response code: 200
2024-05-15 21:22:21,620 - INFO - Incoming request: PUT http://localhost:8080/user/bf048cde-14e7-4011-a0e7-306ee4cba59f - Response code: 422
2024-05-15 21:22:23,668 - INFO - Incoming request: PUT http://localhost:8080/user/non_existing_id - Response code: 404
2024-05-15 21:22:53,660 - INFO - Incoming request: GET http://localhost:8080/user/ - Response code: 200
2024-05-15 21:23:36,306 - INFO - Incoming request: POST http://localhost:8080/user/ - Response code: 201
2024-05-15 21:23:38,425 - INFO - Incoming request: GET http://localhost:8080/user/ - Response code: 200
2024-05-15 21:23:40,489 - INFO - Incoming request: GET http://localhost:8080/user/123 - Response code: 404
2024-05-15 21:23:42,557 - INFO - Incoming request: PUT http://localhost:8080/user/bf048cde-14e7-4011-a0e7-306ee4cba59f - Response code: 200
2024-05-15 21:23:44,598 - INFO - Incoming request: PUT http://localhost:8080/user/bf048cde-14e7-4011-a0e7-306ee4cba59f - Response code: 422
2024-05-15 21:23:46,663 - INFO - Incoming request: PUT http://localhost:8080/user/non_existing_id - Response code: 404
2024-05-15 21:24:00,616 - INFO - Incoming request: GET http://localhost:8080/user/ - Response code: 200
2024-05-15 21:24:02,669 - INFO - Incoming request: GET http://localhost:8080/user/123 - Response code: 404
2024-05-15 21:24:04,722 - INFO - Incoming request: PUT http://localhost:8080/user/bf048cde-14e7-4011-a0e7-306ee4cba59f - Response code: 200
2024-05-15 21:24:06,768 - INFO - Incoming request: PUT http://localhost:8080/user/bf048cde-14e7-4011-a0e7-306ee4cba59f - Response code: 422
2024-05-15 21:24:08,812 - INFO - Incoming request: PUT http://localhost:8080/user/non_existing_id - Response code: 404
2024-05-15 21:25:32,104 - INFO - Incoming request: GET http://localhost:8080/user/ - Response code: 200
2024-05-15 21:25:46,326 - INFO - Incoming request: DELETE http://localhost:8080/user/bf048cde-14e7-4011-a0e7-306ee4cba59f - Response code: 204
2024-05-15 21:25:48,409 - INFO - Incoming request: DELETE http://localhost:8080/user/invalid_id - Response code: 404
2024-05-15 21:25:50,467 - INFO - Incoming request: GET http://localhost:8080/user/ - Response code: 200
2024-05-15 21:25:52,538 - INFO - Incoming request: GET http://localhost:8080/user/123 - Response code: 404
2024-05-15 21:25:54,617 - INFO - Incoming request: PUT http://localhost:8080/user/bf048cde-14e7-4011-a0e7-306ee4cba59f - Response code: 404
2024-05-15 21:26:39,102 - INFO - Incoming request: PUT http://localhost:8080/user/bf048cde-14e7-4011-a0e7-306ee4cba59f - Response code: 404
2024-05-15 21:26:46,780 - INFO - Incoming request: GET http://localhost:8080/user/ - Response code: 200
2024-05-16 20:38:16,619 - INFO - Incoming request: GET http://localhost:8080/ - Response code: 200
2024-05-16 20:38:16,990 - INFO - Incoming request: GET http://localhost:8080/favicon.ico - Response code: 404
2024-05-16 20:38:21,017 - INFO - Incoming request: GET http://localhost:8080/docs - Response code: 200
2024-05-16 20:38:21,206 - INFO - Incoming request: GET http://localhost:8080/openapi.json - Response code: 200
2024-05-16 20:47:49,289 - INFO - Incoming request: GET http://localhost:8080/docs - Response code: 200
2024-05-16 20:47:49,419 - INFO - Incoming request: GET http://localhost:8080/openapi.json - Response code: 200
2024-05-16 20:47:57,003 - INFO - Incoming request: GET http://localhost:8080/user/ - Response code: 200
2024-05-16 20:48:29,469 - INFO - Incoming request: GET http://localhost:8080/docs - Response code: 200
2024-05-16 20:48:29,584 - INFO - Incoming request: GET http://localhost:8080/openapi.json - Response code: 200
2024-05-16 20:49:15,759 - INFO - Incoming request: GET http://localhost:8080/docs - Response code: 200
2024-05-16 20:49:15,850 - INFO - Incoming request: GET http://localhost:8080/openapi.json - Response code: 200
2024-05-16 20:49:20,399 - INFO - Incoming request: GET http://localhost:8080/user/ - Response code: 200
2024-05-16 20:49:33,008 - INFO - Incoming request: POST http://localhost:8080/user/ - Response code: 201
2024-05-16 20:49:38,957 - INFO - Incoming request: GET http://localhost:8080/user/ - Response code: 200
2024-05-16 20:49:43,976 - INFO - Incoming request: GET http://localhost:8080/user/36029f5b-7f4b-4e62-a6e5-897fc9c0cb22 - Response code: 200
2024-05-16 20:50:54,607 - INFO - Incoming request: POST http://localhost:8080/user/users/36029f5b-7f4b-4e62-a6e5-897fc9c0cb22/file-paths/ - Response code: 404
2024-05-16 20:51:02,073 - INFO - Incoming request: GET http://localhost:8080/docs - Response code: 200
2024-05-16 20:51:02,180 - INFO - Incoming request: GET http://localhost:8080/openapi.json - Response code: 200
2024-05-16 20:56:46,291 - INFO - Incoming request: GET http://localhost:8080/docs - Response code: 200
2024-05-16 20:56:46,432 - INFO - Incoming request: GET http://localhost:8080/openapi.json - Response code: 200
2024-05-16 20:56:50,656 - INFO - Incoming request: GET http://localhost:8080/user/ - Response code: 200
2024-05-16 20:56:59,139 - INFO - Incoming request: POST http://localhost:8080/user/ - Response code: 201
2024-05-16 20:57:15,173 - INFO - Incoming request: POST http://localhost:8080/user/baa5e5bf-b6af-43e4-b9cd-249f1889f5ea/file-paths/ - Response code: 200
2024-05-16 20:58:15,167 - INFO - Incoming request: POST http://localhost:8080/user/baa5e5bf-b6af-43e4-b9cd-249f1889f5ea/file-paths/ - Response code: 409
2024-05-16 20:58:19,036 - INFO - Incoming request: POST http://localhost:8080/user/baa5e5bf-b6af-43e4-b9cd-249f1889f5ea/file-paths/ - Response code: 409
2024-05-16 20:58:26,225 - INFO - Incoming request: POST http://localhost:8080/user/baa5e5bf-b6af-43e4-b9cd-249f1889f5ea/file-paths/ - Response code: 409
2024-05-16 20:59:06,271 - INFO - Incoming request: POST http://localhost:8080/user/baa5e5bf-b6af-43e4-b9cd-249f1889f5ea/file-paths/ - Response code: 409
2024-05-16 20:59:35,027 - INFO - Incoming request: POST http://localhost:8080/user/baa5e5bf-b6af-43e4-b9cd-249f1889f5ea/file-paths/ - Response code: 409
2024-05-16 20:59:45,159 - INFO - Incoming request: POST http://localhost:8080/user/baa5e5bf-b6af-43e4-b9cd-249f1889f5ea/file-paths/ - Response code: 409
2024-05-16 21:00:26,020 - INFO - Incoming request: GET http://localhost:8080/user/ - Response code: 200
2024-05-16 21:00:30,440 - INFO - Incoming request: POST http://localhost:8080/user/ - Response code: 201
2024-05-16 21:00:43,393 - INFO - Incoming request: POST http://localhost:8080/user/7e49433f-c99d-4c76-b1c6-c246597a85ec/file-paths/ - Response code: 200
2024-05-16 21:00:46,240 - INFO - Incoming request: POST http://localhost:8080/user/7e49433f-c99d-4c76-b1c6-c246597a85ec/file-paths/ - Response code: 200
2024-05-16 21:00:46,891 - INFO - Incoming request: POST http://localhost:8080/user/7e49433f-c99d-4c76-b1c6-c246597a85ec/file-paths/ - Response code: 200
2024-05-16 21:01:12,159 - INFO - Incoming request: POST http://localhost:8080/user/7e49433f-c99d-4c76-b1c6-c246597a85ec/file-paths/ - Response code: 200
2024-05-16 21:01:21,792 - INFO - Incoming request: GET http://localhost:8080/user/7e49433f-c99d-4c76-b1c6-c246597a85ec/file-paths/ - Response code: 200
2024-05-16 21:02:54,825 - INFO - Incoming request: GET http://localhost:8080/docs - Response code: 200
2024-05-16 21:02:54,961 - INFO - Incoming request: GET http://localhost:8080/openapi.json - Response code: 200
2024-05-16 21:03:00,582 - INFO - Incoming request: GET http://localhost:8080/user/7e49433f-c99d-4c76-b1c6-c246597a85ec/file-paths/?retrieval_option=relative22 - Response code: 400
2024-05-16 21:03:04,802 - INFO - Incoming request: GET http://localhost:8080/user/7e49433f-c99d-4c76-b1c6-c246597a85ec/file-paths/?retrieval_option=relative - Response code: 200
2024-05-16 21:03:09,044 - INFO - Incoming request: GET http://localhost:8080/user/7e49433f-c99d-4c76-b1c6-c246597a85ec/file-paths/?retrieval_option=relative1 - Response code: 400
2024-05-16 21:03:13,644 - INFO - Incoming request: GET http://localhost:8080/user/7e49433f-c99d-4c76-b1c6-c246597a85ec/file-paths/?retrieval_option=absolute_public_url - Response code: 200
2024-05-16 21:04:12,855 - INFO - Incoming request: POST http://localhost:8080/user/7e49433f-c99d-4c76-b1c6-c246597a85ec/file-paths/ - Response code: 200
2024-05-16 21:04:16,116 - INFO - Incoming request: POST http://localhost:8080/user/7e49433f-c99d-4c76-b1c6-c246597a85ec/file-paths/ - Response code: 200
2024-05-16 21:04:29,494 - INFO - Incoming request: POST http://localhost:8080/user/ - Response code: 201
2024-05-16 21:04:40,231 - INFO - Incoming request: POST http://localhost:8080/user/4776a195-9cb0-4f08-9ce8-2a58f692addc/file-paths/ - Response code: 200
2024-05-16 21:04:41,655 - INFO - Incoming request: POST http://localhost:8080/user/4776a195-9cb0-4f08-9ce8-2a58f692addc/file-paths/ - Response code: 409
2024-05-16 21:04:46,537 - INFO - Incoming request: POST http://localhost:8080/user/4776a195-9cb0-4f08-9ce8-2a58f692addc/file-paths/ - Response code: 200
2024-05-16 21:04:51,336 - INFO - Incoming request: POST http://localhost:8080/user/4776a195-9cb0-4f08-9ce8-2a58f692addc/file-paths/ - Response code: 200
2024-05-16 21:04:53,550 - INFO - Incoming request: POST http://localhost:8080/user/4776a195-9cb0-4f08-9ce8-2a58f692addc/file-paths/ - Response code: 409
2024-05-16 21:05:19,997 - INFO - Incoming request: POST http://localhost:8080/user/4776a195-9cb0-4f08-9ce8-2a58f692addc/file-paths/ - Response code: 409
2024-05-16 21:05:24,418 - INFO - Incoming request: POST http://localhost:8080/user/4776a195-9cb0-4f08-9ce8-2a58f692addc/file-paths/ - Response code: 200
2024-05-16 21:05:30,550 - INFO - Incoming request: GET http://localhost:8080/user/4776a195-9cb0-4f08-9ce8-2a58f692addc/file-paths/?retrieval_option=absolute_public_url - Response code: 200
2024-05-16 21:05:35,235 - INFO - Incoming request: GET http://localhost:8080/user/7e49433f-c99d-4c76-b1c6-c246597a85ec/file-paths/?retrieval_option=absolute_public_urlw - Response code: 400
2024-05-16 21:05:38,839 - INFO - Incoming request: GET http://localhost:8080/user/7e49433f-c99d-4c76-b1c6-c246597a85ec/file-paths/?retrieval_option=relative - Response code: 200
2024-05-16 21:05:46,694 - INFO - Incoming request: GET http://localhost:8080/user/4776a195-9cb0-4f08-9ce8-2a58f692addc/file-paths/?retrieval_option=relative - Response code: 200
